<?xml version="1.0" encoding="UTF-8"?>
<testsuite xmlns:xsi="http://www.w3.org/2001/XMLSchema-instance" xsi:noNamespaceSchemaLocation="https://maven.apache.org/surefire/maven-surefire-plugin/xsd/surefire-test-report-3.0.xsd" version="3.0" name="quarkus.webinar.GreetingResourceTest" time="9.447" tests="1" errors="0" skipped="0" failures="0">
  <properties>
[...]
</properties>
  <testcase name="testHelloEndpoint" classname="quarkus.webinar.GreetingResourceTest" time="2.64">
    <system-out><![CDATA[2021-09-06 15:36:02,869 INFO  [io.quarkus] (main) Quarkus 2.2.1.Final on JVM started in 5.341s. Listening on: http://localhost:8081
2021-09-06 15:36:02,882 INFO  [io.quarkus] (main) Profile test activated. 
2021-09-06 15:36:02,882 INFO  [io.quarkus] (main) Installed features: [cdi, kubernetes, resteasy, smallrye-context-propagation]
]]></system-out>
  </testcase>
</testsuite>